<?xml version="1.0" encoding="UTF-8"?>
<!-- Generated by org.testng.reporters.JUnitXMLReporter -->
<testsuite ignored="0" hostname="LAPTOP-UNPNO2TU" failures="1" tests="3" name="Test" time="16.256" errors="0" timestamp="2024-03-04T13:35:51 EST">
  <testcase classname="com.naveenautomation.tests.MyAccountPageTest" name="validateLogin" time="0.973">
    <skipped/>
  </testcase> <!-- validateLogin -->
  <testcase classname="com.naveenautomation.tests.MyAccountPageTest" name="validateLogin" time="1.033">
    <failure type="java.lang.AssertionError" message="expected [My Account1] but found [My Account]">
      <![CDATA[java.lang.AssertionError: expected [My Account1] but found [My Account]
at com.naveenautomation.tests.MyAccountPageTest.validateLogin(MyAccountPageTest.java:30)
at java.base/java.util.ArrayList.forEach(ArrayList.java:1511)
... Removed 33 stack frames]]>
    </failure>
  </testcase> <!-- validateLogin -->
  <testcase classname="com.naveenautomation.tests.MyAccountPageTest" name="validatePasswordUpdate" time="2.209"/>
</testsuite> <!-- Test -->
